<?xml version="1.0" encoding="UTF-8"?>
<!-- Generated by org.testng.reporters.JUnitReportReporter -->
<testsuite skipped="0" hostname="DESKTOP-N3VJQK5" name="facebook.FB" tests="1" failures="0" timestamp="26 Jan 2020 12:28:14 GMT" time="12.188" errors="0">
  <testcase name="newAccount" time="12.188" classname="facebook.FB"/>
</testsuite> <!-- facebook.FB -->
