<?xml version="1.0" encoding="UTF-8"?>
<!-- Generated by org.testng.reporters.JUnitReportReporter -->
<testsuite skipped="0" hostname="DESKTOP-N3VJQK5" name="facebook.ScreenShot" tests="1" failures="0" timestamp="27 Jan 2020 16:03:15 GMT" time="10.716" errors="0">
  <testcase name="takeaScreenShot" time="10.716" classname="facebook.ScreenShot"/>
</testsuite> <!-- facebook.ScreenShot -->
