<?xml version="1.0" encoding="UTF-8"?>
<!-- Generated by org.testng.reporters.JUnitReportReporter -->
<testsuite skipped="0" hostname="DESKTOP-N3VJQK5" name="actionExamples.ActionClass" tests="1" failures="0" timestamp="28 Jan 2020 17:15:56 GMT" time="15.949" errors="0">
  <testcase name="browseCategories" time="15.949" classname="actionExamples.ActionClass"/>
</testsuite> <!-- actionExamples.ActionClass -->
