<?xml version="1.0" encoding="UTF-8"?>
<!-- Generated by org.testng.reporters.JUnitReportReporter -->
<testsuite skipped="0" hostname="DESKTOP-N3VJQK5" name="DataProvider" tests="3" failures="0" timestamp="23 Jan 2020 16:21:41 GMT" time="35.305" errors="0">
  <testcase name="searchTest" time="11.099" classname="DataProvider"/>
  <testcase name="searchTest" time="13.237" classname="DataProvider"/>
  <testcase name="searchTest" time="10.969" classname="DataProvider"/>
</testsuite> <!-- DataProvider -->
