<?xml version="1.0" encoding="UTF-8"?>
<!-- Generated by org.testng.reporters.JUnitReportReporter -->
<testsuite skipped="0" hostname="DESKTOP-N3VJQK5" name="driverFactory.ParallelTests" tests="2" failures="0" timestamp="25 Jan 2020 06:35:02 GMT" time="11.834" errors="0">
  <testcase name="calcTest" time="8.982" classname="driverFactory.ParallelTests"/>
  <testcase name="searchText" time="2.852" classname="driverFactory.ParallelTests"/>
</testsuite> <!-- driverFactory.ParallelTests -->
