<?xml version="1.0" encoding="UTF-8"?>
<!-- Generated by org.testng.reporters.JUnitReportReporter -->
<testsuite skipped="0" hostname="DESKTOP-N3VJQK5" name="facebook.UploadaFile" tests="1" failures="0" timestamp="27 Jan 2020 17:00:17 GMT" time="0.200" errors="0">
  <testcase name="uploadFile" time="0.200" classname="facebook.UploadaFile"/>
</testsuite> <!-- facebook.UploadaFile -->
